<?xml version="1.0" encoding="UTF-8"?>
<testsuite name="com.jojoldu.book.springboot.web.IndexControllerTest" tests="1" skipped="0" failures="0" errors="0" timestamp="2022-01-31T16:21:35" hostname="DESKTOP-0MDCV0J" time="0.119">
  <properties/>
  <testcase name="메인페이지_로딩()" classname="com.jojoldu.book.springboot.web.IndexControllerTest" time="0.119"/>
  <system-out><![CDATA[2022-02-01 01:21:34.671  INFO 38620 --- [    Test worker] .b.t.c.SpringBootTestContextBootstrapper : Neither @ContextConfiguration nor @ContextHierarchy found for test class [com.jojoldu.book.springboot.web.IndexControllerTest], using SpringBootContextLoader
2022-02-01 01:21:34.672  INFO 38620 --- [    Test worker] o.s.t.c.support.AbstractContextLoader    : Could not detect default resource locations for test class [com.jojoldu.book.springboot.web.IndexControllerTest]: no resource found for suffixes {-context.xml, Context.groovy}.
2022-02-01 01:21:34.672  INFO 38620 --- [    Test worker] t.c.s.AnnotationConfigContextLoaderUtils : Could not detect default configuration classes for test class [com.jojoldu.book.springboot.web.IndexControllerTest]: IndexControllerTest does not declare any static, non-private, non-final, nested classes annotated with @Configuration.
2022-02-01 01:21:34.674  INFO 38620 --- [    Test worker] .b.t.c.SpringBootTestContextBootstrapper : Found @SpringBootConfiguration com.jojoldu.book.springboot.Application for test class com.jojoldu.book.springboot.web.IndexControllerTest
2022-02-01 01:21:34.675  INFO 38620 --- [    Test worker] .b.t.c.SpringBootTestContextBootstrapper : Loaded default TestExecutionListener class names from location [META-INF/spring.factories]: [org.springframework.security.test.context.support.WithSecurityContextTestExecutionListener, org.springframework.security.test.context.support.ReactorContextTestExecutionListener, org.springframework.boot.test.autoconfigure.restdocs.RestDocsTestExecutionListener, org.springframework.boot.test.autoconfigure.web.client.MockRestServiceServerResetTestExecutionListener, org.springframework.boot.test.autoconfigure.web.servlet.MockMvcPrintOnlyOnFailureTestExecutionListener, org.springframework.boot.test.autoconfigure.web.servlet.WebDriverTestExecutionListener, org.springframework.boot.test.mock.mockito.MockitoTestExecutionListener, org.springframework.boot.test.mock.mockito.ResetMocksTestExecutionListener, org.springframework.test.context.web.ServletTestExecutionListener, org.springframework.test.context.support.DirtiesContextBeforeModesTestExecutionListener, org.springframework.test.context.support.DependencyInjectionTestExecutionListener, org.springframework.test.context.support.DirtiesContextTestExecutionListener, org.springframework.test.context.transaction.TransactionalTestExecutionListener, org.springframework.test.context.jdbc.SqlScriptsTestExecutionListener]
2022-02-01 01:21:34.675  INFO 38620 --- [    Test worker] .b.t.c.SpringBootTestContextBootstrapper : Using TestExecutionListeners: [org.springframework.test.context.web.ServletTestExecutionListener@28db43cb, org.springframework.test.context.support.DirtiesContextBeforeModesTestExecutionListener@58b62803, org.springframework.boot.test.mock.mockito.MockitoTestExecutionListener@35e99138, org.springframework.boot.test.autoconfigure.SpringBootDependencyInjectionTestExecutionListener@19de1a9b, org.springframework.test.context.support.DirtiesContextTestExecutionListener@6be9d770, org.springframework.test.context.transaction.TransactionalTestExecutionListener@2761c3e, org.springframework.test.context.jdbc.SqlScriptsTestExecutionListener@7bef2d19, org.springframework.security.test.context.support.WithSecurityContextTestExecutionListener@128cfa3d, org.springframework.security.test.context.support.ReactorContextTestExecutionListener@37fbed4b, org.springframework.boot.test.autoconfigure.restdocs.RestDocsTestExecutionListener@5de8066, org.springframework.boot.test.autoconfigure.web.client.MockRestServiceServerResetTestExecutionListener@7dbe221, org.springframework.boot.test.autoconfigure.web.servlet.MockMvcPrintOnlyOnFailureTestExecutionListener@7273bdf5, org.springframework.boot.test.autoconfigure.web.servlet.WebDriverTestExecutionListener@1a8a9745, org.springframework.boot.test.mock.mockito.ResetMocksTestExecutionListener@6ba6f9c2]

  .   ____          _            __ _ _
 /\\ / ___'_ __ _ _(_)_ __  __ _ \ \ \ \
( ( )\___ | '_ | '_| | '_ \/ _` | \ \ \ \
 \\/  ___)| |_)| | | | | || (_| |  ) ) ) )
  '  |____| .__|_| |_|_| |_\__, | / / / /
 =========|_|==============|___/=/_/_/_/
 :: Spring Boot ::        (v2.1.7.RELEASE)

2022-02-01 01:21:34.703  INFO 38620 --- [    Test worker] c.j.b.s.web.IndexControllerTest          : Starting IndexControllerTest on DESKTOP-0MDCV0J with PID 38620 (started by young in C:\IdeaProjects\springboot-study1)
2022-02-01 01:21:34.703  INFO 38620 --- [    Test worker] c.j.b.s.web.IndexControllerTest          : The following profiles are active: oauth
2022-02-01 01:21:34.835  INFO 38620 --- [    Test worker] .s.d.r.c.RepositoryConfigurationDelegate : Bootstrapping Spring Data repositories in DEFAULT mode.
2022-02-01 01:21:34.856  INFO 38620 --- [    Test worker] .s.d.r.c.RepositoryConfigurationDelegate : Finished Spring Data repository scanning in 21ms. Found 2 repository interfaces.
2022-02-01 01:21:34.915  INFO 38620 --- [    Test worker] trationDelegate$BeanPostProcessorChecker : Bean 'org.springframework.transaction.annotation.ProxyTransactionManagementConfiguration' of type [org.springframework.transaction.annotation.ProxyTransactionManagementConfiguration$$EnhancerBySpringCGLIB$$bc953d53] is not eligible for getting processed by all BeanPostProcessors (for example: not eligible for auto-proxying)
2022-02-01 01:21:35.067  INFO 38620 --- [    Test worker] o.s.b.w.embedded.tomcat.TomcatWebServer  : Tomcat initialized with port(s): 0 (http)
2022-02-01 01:21:35.088  INFO 38620 --- [    Test worker] o.apache.catalina.core.StandardService   : Starting service [Tomcat]
2022-02-01 01:21:35.088  INFO 38620 --- [    Test worker] org.apache.catalina.core.StandardEngine  : Starting Servlet engine: [Apache Tomcat/9.0.22]
2022-02-01 01:21:35.207  INFO 38620 --- [    Test worker] o.a.c.c.C.[Tomcat].[localhost].[/]       : Initializing Spring embedded WebApplicationContext
2022-02-01 01:21:35.207  INFO 38620 --- [    Test worker] o.s.web.context.ContextLoader            : Root WebApplicationContext: initialization completed in 502 ms
2022-02-01 01:21:35.308  INFO 38620 --- [    Test worker] com.zaxxer.hikari.HikariDataSource       : HikariPool-2 - Starting...
2022-02-01 01:21:35.309  INFO 38620 --- [    Test worker] com.zaxxer.hikari.HikariDataSource       : HikariPool-2 - Start completed.
2022-02-01 01:21:35.333  INFO 38620 --- [    Test worker] o.hibernate.jpa.internal.util.LogHelper  : HHH000204: Processing PersistenceUnitInfo [
	name: default
	...]
2022-02-01 01:21:35.341  INFO 38620 --- [    Test worker] org.hibernate.dialect.Dialect            : HHH000400: Using dialect: org.hibernate.dialect.MySQL5InnoDBDialect
Hibernate: drop table if exists posts
Hibernate: drop table if exists user
Hibernate: create table posts (id bigint not null auto_increment, created_date datetime, modified_date datetime, author varchar(255), content TEXT not null, title varchar(500) not null, primary key (id)) engine=InnoDB
Hibernate: create table user (id bigint not null auto_increment, created_date datetime, modified_date datetime, email varchar(255) not null, name varchar(255) not null, picture varchar(255), role varchar(255) not null, primary key (id)) engine=InnoDB
2022-02-01 01:21:35.383  INFO 38620 --- [    Test worker] o.h.t.schema.internal.SchemaCreatorImpl  : HHH000476: Executing import script 'org.hibernate.tool.schema.internal.exec.ScriptSourceInputNonExistentImpl@2acf1b09'
2022-02-01 01:21:35.383  INFO 38620 --- [    Test worker] j.LocalContainerEntityManagerFactoryBean : Initialized JPA EntityManagerFactory for persistence unit 'default'
2022-02-01 01:21:35.547  INFO 38620 --- [    Test worker] o.h.h.i.QueryTranslatorFactoryInitiator  : HHH000397: Using ASTQueryTranslatorFactory
2022-02-01 01:21:35.628  INFO 38620 --- [    Test worker] o.s.s.web.DefaultSecurityFilterChain     : Creating filter chain: any request, [org.springframework.security.web.context.request.async.WebAsyncManagerIntegrationFilter@18a117cc, org.springframework.security.web.context.SecurityContextPersistenceFilter@56b4ba26, org.springframework.security.web.header.HeaderWriterFilter@3686617f, org.springframework.security.web.authentication.logout.LogoutFilter@1ad34bb1, org.springframework.security.oauth2.client.web.OAuth2AuthorizationRequestRedirectFilter@63f7ed3a, org.springframework.security.oauth2.client.web.OAuth2LoginAuthenticationFilter@846daf9, org.springframework.security.web.authentication.ui.DefaultLoginPageGeneratingFilter@6945b935, org.springframework.security.web.authentication.ui.DefaultLogoutPageGeneratingFilter@26ada42e, org.springframework.security.web.savedrequest.RequestCacheAwareFilter@66ecc8b, org.springframework.security.web.servletapi.SecurityContextHolderAwareRequestFilter@366c8a0, org.springframework.security.web.authentication.AnonymousAuthenticationFilter@7aef13fc, org.springframework.security.web.session.SessionManagementFilter@374bb041, org.springframework.security.web.access.ExceptionTranslationFilter@fa1e0d, org.springframework.security.web.access.intercept.FilterSecurityInterceptor@33a1b264]
2022-02-01 01:21:35.721  INFO 38620 --- [    Test worker] o.s.s.concurrent.ThreadPoolTaskExecutor  : Initializing ExecutorService 'applicationTaskExecutor'
2022-02-01 01:21:35.728  WARN 38620 --- [    Test worker] aWebConfiguration$JpaWebMvcConfiguration : spring.jpa.open-in-view is enabled by default. Therefore, database queries may be performed during view rendering. Explicitly configure spring.jpa.open-in-view to disable this warning
2022-02-01 01:21:35.741  INFO 38620 --- [    Test worker] o.s.b.a.w.s.WelcomePageHandlerMapping    : Adding welcome page template: index
2022-02-01 01:21:35.889  INFO 38620 --- [    Test worker] s.a.ScheduledAnnotationBeanPostProcessor : No TaskScheduler/ScheduledExecutorService bean found for scheduled processing
2022-02-01 01:21:35.902  INFO 38620 --- [    Test worker] o.s.b.w.embedded.tomcat.TomcatWebServer  : Tomcat started on port(s): 50873 (http) with context path ''
2022-02-01 01:21:35.902  INFO 38620 --- [    Test worker] c.j.b.s.web.IndexControllerTest          : Started IndexControllerTest in 1.226 seconds (JVM running for 6.945)
2022-02-01 01:21:35.965  INFO 38620 --- [o-auto-1-exec-1] o.a.c.c.C.[Tomcat].[localhost].[/]       : Initializing Spring DispatcherServlet 'dispatcherServlet'
2022-02-01 01:21:35.965  INFO 38620 --- [o-auto-1-exec-1] o.s.web.servlet.DispatcherServlet        : Initializing Servlet 'dispatcherServlet'
2022-02-01 01:21:35.975  INFO 38620 --- [o-auto-1-exec-1] o.s.web.servlet.DispatcherServlet        : Completed initialization in 10 ms
Hibernate: select posts0_.id as id1_0_, posts0_.created_date as created_2_0_, posts0_.modified_date as modified3_0_, posts0_.author as author4_0_, posts0_.content as content5_0_, posts0_.title as title6_0_ from posts posts0_ order by posts0_.id DESC
]]></system-out>
  <system-err><![CDATA[]]></system-err>
</testsuite>
