<?xml version="1.0" encoding="UTF-8"?>
<testsuite name="com.jojoldu.book.springboot.web.HelloControllerTest" tests="2" skipped="0" failures="0" errors="0" timestamp="2022-02-01T02:06:54" hostname="DESKTOP-0MDCV0J" time="0.025">
  <properties/>
  <testcase name="hello가_리턴된다()" classname="com.jojoldu.book.springboot.web.HelloControllerTest" time="0.009"/>
  <testcase name="helloDto가_리턴된다()" classname="com.jojoldu.book.springboot.web.HelloControllerTest" time="0.016"/>
  <system-out><![CDATA[2022-02-01 11:06:54.122  INFO 38868 --- [    Test worker] .b.t.a.w.s.WebMvcTestContextBootstrapper : Neither @ContextConfiguration nor @ContextHierarchy found for test class [com.jojoldu.book.springboot.web.HelloControllerTest], using SpringBootContextLoader
2022-02-01 11:06:54.122  INFO 38868 --- [    Test worker] o.s.t.c.support.AbstractContextLoader    : Could not detect default resource locations for test class [com.jojoldu.book.springboot.web.HelloControllerTest]: no resource found for suffixes {-context.xml, Context.groovy}.
2022-02-01 11:06:54.122  INFO 38868 --- [    Test worker] t.c.s.AnnotationConfigContextLoaderUtils : Could not detect default configuration classes for test class [com.jojoldu.book.springboot.web.HelloControllerTest]: HelloControllerTest does not declare any static, non-private, non-final, nested classes annotated with @Configuration.
2022-02-01 11:06:54.131  INFO 38868 --- [    Test worker] .b.t.c.SpringBootTestContextBootstrapper : Found @SpringBootConfiguration com.jojoldu.book.springboot.Application for test class com.jojoldu.book.springboot.web.HelloControllerTest
2022-02-01 11:06:54.131  INFO 38868 --- [    Test worker] .b.t.a.w.s.WebMvcTestContextBootstrapper : Loaded default TestExecutionListener class names from location [META-INF/spring.factories]: [org.springframework.security.test.context.support.WithSecurityContextTestExecutionListener, org.springframework.security.test.context.support.ReactorContextTestExecutionListener, org.springframework.boot.test.autoconfigure.restdocs.RestDocsTestExecutionListener, org.springframework.boot.test.autoconfigure.web.client.MockRestServiceServerResetTestExecutionListener, org.springframework.boot.test.autoconfigure.web.servlet.MockMvcPrintOnlyOnFailureTestExecutionListener, org.springframework.boot.test.autoconfigure.web.servlet.WebDriverTestExecutionListener, org.springframework.boot.test.mock.mockito.MockitoTestExecutionListener, org.springframework.boot.test.mock.mockito.ResetMocksTestExecutionListener, org.springframework.test.context.web.ServletTestExecutionListener, org.springframework.test.context.support.DirtiesContextBeforeModesTestExecutionListener, org.springframework.test.context.support.DependencyInjectionTestExecutionListener, org.springframework.test.context.support.DirtiesContextTestExecutionListener, org.springframework.test.context.transaction.TransactionalTestExecutionListener, org.springframework.test.context.jdbc.SqlScriptsTestExecutionListener]
2022-02-01 11:06:54.132  INFO 38868 --- [    Test worker] .b.t.a.w.s.WebMvcTestContextBootstrapper : Using TestExecutionListeners: [org.springframework.test.context.web.ServletTestExecutionListener@77d786b5, org.springframework.test.context.support.DirtiesContextBeforeModesTestExecutionListener@210d3428, org.springframework.boot.test.mock.mockito.MockitoTestExecutionListener@678035b7, org.springframework.boot.test.autoconfigure.SpringBootDependencyInjectionTestExecutionListener@13807ed8, org.springframework.test.context.support.DirtiesContextTestExecutionListener@58a9a033, org.springframework.test.context.transaction.TransactionalTestExecutionListener@10cd737a, org.springframework.test.context.jdbc.SqlScriptsTestExecutionListener@7686c159, org.springframework.security.test.context.support.WithSecurityContextTestExecutionListener@666017ef, org.springframework.security.test.context.support.ReactorContextTestExecutionListener@73dd8b28, org.springframework.boot.test.autoconfigure.restdocs.RestDocsTestExecutionListener@870708a, org.springframework.boot.test.autoconfigure.web.client.MockRestServiceServerResetTestExecutionListener@483ce4d4, org.springframework.boot.test.autoconfigure.web.servlet.MockMvcPrintOnlyOnFailureTestExecutionListener@2e855d53, org.springframework.boot.test.autoconfigure.web.servlet.WebDriverTestExecutionListener@319e1760, org.springframework.boot.test.mock.mockito.ResetMocksTestExecutionListener@3a61d5f9]

  .   ____          _            __ _ _
 /\\ / ___'_ __ _ _(_)_ __  __ _ \ \ \ \
( ( )\___ | '_ | '_| | '_ \/ _` | \ \ \ \
 \\/  ___)| |_)| | | | | || (_| |  ) ) ) )
  '  |____| .__|_| |_|_| |_\__, | / / / /
 =========|_|==============|___/=/_/_/_/
 :: Spring Boot ::        (v2.1.7.RELEASE)

2022-02-01 11:06:54.158  INFO 38868 --- [    Test worker] c.j.b.s.web.HelloControllerTest          : Starting HelloControllerTest on DESKTOP-0MDCV0J with PID 38868 (started by young in C:\IdeaProjects\springboot-study1)
2022-02-01 11:06:54.158  INFO 38868 --- [    Test worker] c.j.b.s.web.HelloControllerTest          : The following profiles are active: oauth
2022-02-01 11:06:54.380  INFO 38868 --- [    Test worker] o.s.s.concurrent.ThreadPoolTaskExecutor  : Initializing ExecutorService 'applicationTaskExecutor'
2022-02-01 11:06:54.396  INFO 38868 --- [    Test worker] o.s.b.a.w.s.WelcomePageHandlerMapping    : Adding welcome page template: index
2022-02-01 11:06:54.495  INFO 38868 --- [    Test worker] .s.s.UserDetailsServiceAutoConfiguration : 

Using generated security password: 83490fc6-92c5-4c98-b81d-47de94a8c385

2022-02-01 11:06:54.566  INFO 38868 --- [    Test worker] o.s.s.web.DefaultSecurityFilterChain     : Creating filter chain: any request, [org.springframework.security.web.context.request.async.WebAsyncManagerIntegrationFilter@60f5b6a6, org.springframework.security.web.context.SecurityContextPersistenceFilter@1ab06149, org.springframework.security.web.header.HeaderWriterFilter@428affa1, org.springframework.security.web.csrf.CsrfFilter@43896e19, org.springframework.security.web.authentication.logout.LogoutFilter@2d98d4d9, org.springframework.security.web.authentication.UsernamePasswordAuthenticationFilter@2cfc2775, org.springframework.security.web.authentication.ui.DefaultLoginPageGeneratingFilter@3766ada1, org.springframework.security.web.authentication.ui.DefaultLogoutPageGeneratingFilter@9dd928f, org.springframework.security.web.authentication.www.BasicAuthenticationFilter@19a204c, org.springframework.security.web.savedrequest.RequestCacheAwareFilter@352a46c4, org.springframework.security.web.servletapi.SecurityContextHolderAwareRequestFilter@20c8d037, org.springframework.security.web.authentication.AnonymousAuthenticationFilter@59955bb8, org.springframework.security.web.session.SessionManagementFilter@4a7bb84f, org.springframework.security.web.access.ExceptionTranslationFilter@753b41ca, org.springframework.security.web.access.intercept.FilterSecurityInterceptor@5e3d2218]
2022-02-01 11:06:54.574  INFO 38868 --- [    Test worker] o.s.b.t.m.w.SpringBootMockServletContext : Initializing Spring TestDispatcherServlet ''
2022-02-01 11:06:54.574  INFO 38868 --- [    Test worker] o.s.t.web.servlet.TestDispatcherServlet  : Initializing Servlet ''
2022-02-01 11:06:54.574  INFO 38868 --- [    Test worker] o.s.t.web.servlet.TestDispatcherServlet  : Completed initialization in 0 ms
2022-02-01 11:06:54.587  INFO 38868 --- [    Test worker] c.j.b.s.web.HelloControllerTest          : Started HelloControllerTest in 0.454 seconds (JVM running for 7.007)
]]></system-out>
  <system-err><![CDATA[]]></system-err>
</testsuite>
