<?xml version="1.0" encoding="UTF-8"?>
<testsuite name="com.jojoldu.book.springboot.web.HelloControllerTest" tests="2" skipped="0" failures="0" errors="0" timestamp="2022-01-31T16:21:34" hostname="DESKTOP-0MDCV0J" time="0.102">
  <properties/>
  <testcase name="hello가_리턴된다()" classname="com.jojoldu.book.springboot.web.HelloControllerTest" time="0.045"/>
  <testcase name="helloDto가_리턴된다()" classname="com.jojoldu.book.springboot.web.HelloControllerTest" time="0.057"/>
  <system-out><![CDATA[2022-02-01 01:21:33.987  INFO 38620 --- [    Test worker] .b.t.a.w.s.WebMvcTestContextBootstrapper : Neither @ContextConfiguration nor @ContextHierarchy found for test class [com.jojoldu.book.springboot.web.HelloControllerTest], using SpringBootContextLoader
2022-02-01 01:21:33.988  INFO 38620 --- [    Test worker] o.s.t.c.support.AbstractContextLoader    : Could not detect default resource locations for test class [com.jojoldu.book.springboot.web.HelloControllerTest]: no resource found for suffixes {-context.xml, Context.groovy}.
2022-02-01 01:21:33.989  INFO 38620 --- [    Test worker] t.c.s.AnnotationConfigContextLoaderUtils : Could not detect default configuration classes for test class [com.jojoldu.book.springboot.web.HelloControllerTest]: HelloControllerTest does not declare any static, non-private, non-final, nested classes annotated with @Configuration.
2022-02-01 01:21:34.006  INFO 38620 --- [    Test worker] .b.t.c.SpringBootTestContextBootstrapper : Found @SpringBootConfiguration com.jojoldu.book.springboot.Application for test class com.jojoldu.book.springboot.web.HelloControllerTest
2022-02-01 01:21:34.006  INFO 38620 --- [    Test worker] .b.t.a.w.s.WebMvcTestContextBootstrapper : Loaded default TestExecutionListener class names from location [META-INF/spring.factories]: [org.springframework.security.test.context.support.WithSecurityContextTestExecutionListener, org.springframework.security.test.context.support.ReactorContextTestExecutionListener, org.springframework.boot.test.autoconfigure.restdocs.RestDocsTestExecutionListener, org.springframework.boot.test.autoconfigure.web.client.MockRestServiceServerResetTestExecutionListener, org.springframework.boot.test.autoconfigure.web.servlet.MockMvcPrintOnlyOnFailureTestExecutionListener, org.springframework.boot.test.autoconfigure.web.servlet.WebDriverTestExecutionListener, org.springframework.boot.test.mock.mockito.MockitoTestExecutionListener, org.springframework.boot.test.mock.mockito.ResetMocksTestExecutionListener, org.springframework.test.context.web.ServletTestExecutionListener, org.springframework.test.context.support.DirtiesContextBeforeModesTestExecutionListener, org.springframework.test.context.support.DependencyInjectionTestExecutionListener, org.springframework.test.context.support.DirtiesContextTestExecutionListener, org.springframework.test.context.transaction.TransactionalTestExecutionListener, org.springframework.test.context.jdbc.SqlScriptsTestExecutionListener]
2022-02-01 01:21:34.007  INFO 38620 --- [    Test worker] .b.t.a.w.s.WebMvcTestContextBootstrapper : Using TestExecutionListeners: [org.springframework.test.context.web.ServletTestExecutionListener@3ef24c77, org.springframework.test.context.support.DirtiesContextBeforeModesTestExecutionListener@77d8c5a8, org.springframework.boot.test.mock.mockito.MockitoTestExecutionListener@43dfe398, org.springframework.boot.test.autoconfigure.SpringBootDependencyInjectionTestExecutionListener@569d9654, org.springframework.test.context.support.DirtiesContextTestExecutionListener@7aa0e904, org.springframework.test.context.transaction.TransactionalTestExecutionListener@4b64967d, org.springframework.test.context.jdbc.SqlScriptsTestExecutionListener@771b7faa, org.springframework.security.test.context.support.WithSecurityContextTestExecutionListener@4d0e782b, org.springframework.security.test.context.support.ReactorContextTestExecutionListener@309b4047, org.springframework.boot.test.autoconfigure.restdocs.RestDocsTestExecutionListener@5f23ff57, org.springframework.boot.test.autoconfigure.web.client.MockRestServiceServerResetTestExecutionListener@73e92d36, org.springframework.boot.test.autoconfigure.web.servlet.MockMvcPrintOnlyOnFailureTestExecutionListener@4d98dc40, org.springframework.boot.test.autoconfigure.web.servlet.WebDriverTestExecutionListener@276b34cc, org.springframework.boot.test.mock.mockito.ResetMocksTestExecutionListener@6772ae31]

  .   ____          _            __ _ _
 /\\ / ___'_ __ _ _(_)_ __  __ _ \ \ \ \
( ( )\___ | '_ | '_| | '_ \/ _` | \ \ \ \
 \\/  ___)| |_)| | | | | || (_| |  ) ) ) )
  '  |____| .__|_| |_|_| |_\__, | / / / /
 =========|_|==============|___/=/_/_/_/
 :: Spring Boot ::        (v2.1.7.RELEASE)

2022-02-01 01:21:34.040  INFO 38620 --- [    Test worker] c.j.b.s.web.HelloControllerTest          : Starting HelloControllerTest on DESKTOP-0MDCV0J with PID 38620 (started by young in C:\IdeaProjects\springboot-study1)
2022-02-01 01:21:34.040  INFO 38620 --- [    Test worker] c.j.b.s.web.HelloControllerTest          : The following profiles are active: oauth
2022-02-01 01:21:34.313  INFO 38620 --- [    Test worker] o.s.s.concurrent.ThreadPoolTaskExecutor  : Initializing ExecutorService 'applicationTaskExecutor'
2022-02-01 01:21:34.332  INFO 38620 --- [    Test worker] o.s.b.a.w.s.WelcomePageHandlerMapping    : Adding welcome page template: index
2022-02-01 01:21:34.446  INFO 38620 --- [    Test worker] .s.s.UserDetailsServiceAutoConfiguration : 

Using generated security password: 447c7d27-8cec-4e30-a19a-b4a56d5d38ef

2022-02-01 01:21:34.524  INFO 38620 --- [    Test worker] o.s.s.web.DefaultSecurityFilterChain     : Creating filter chain: any request, [org.springframework.security.web.context.request.async.WebAsyncManagerIntegrationFilter@2a8634ea, org.springframework.security.web.context.SecurityContextPersistenceFilter@5cd696d, org.springframework.security.web.header.HeaderWriterFilter@7e8c54c0, org.springframework.security.web.csrf.CsrfFilter@7cc92d0f, org.springframework.security.web.authentication.logout.LogoutFilter@7f03fb9b, org.springframework.security.web.authentication.UsernamePasswordAuthenticationFilter@5af7557c, org.springframework.security.web.authentication.ui.DefaultLoginPageGeneratingFilter@12b7d540, org.springframework.security.web.authentication.ui.DefaultLogoutPageGeneratingFilter@6f7abc47, org.springframework.security.web.authentication.www.BasicAuthenticationFilter@69464627, org.springframework.security.web.savedrequest.RequestCacheAwareFilter@6d3dee, org.springframework.security.web.servletapi.SecurityContextHolderAwareRequestFilter@1c5b4377, org.springframework.security.web.authentication.AnonymousAuthenticationFilter@34d6a8f1, org.springframework.security.web.session.SessionManagementFilter@4b18af4b, org.springframework.security.web.access.ExceptionTranslationFilter@58eba9cb, org.springframework.security.web.access.intercept.FilterSecurityInterceptor@6ada6506]
2022-02-01 01:21:34.544  INFO 38620 --- [    Test worker] o.s.b.t.m.w.SpringBootMockServletContext : Initializing Spring TestDispatcherServlet ''
2022-02-01 01:21:34.544  INFO 38620 --- [    Test worker] o.s.t.web.servlet.TestDispatcherServlet  : Initializing Servlet ''
2022-02-01 01:21:34.551  INFO 38620 --- [    Test worker] o.s.t.web.servlet.TestDispatcherServlet  : Completed initialization in 7 ms
2022-02-01 01:21:34.566  INFO 38620 --- [    Test worker] c.j.b.s.web.HelloControllerTest          : Started HelloControllerTest in 0.558 seconds (JVM running for 5.61)
]]></system-out>
  <system-err><![CDATA[]]></system-err>
</testsuite>
